<?xml version="1.0" encoding="UTF-8"?>
<testng-results total="1" passed="1" failed="0" skipped="0">
  <reporter-output>
  </reporter-output>
  <suite started-at="2022-07-20T12:01:08Z" name="Default suite" finished-at="2022-07-20T12:01:08Z" duration-ms="45">
    <groups>
    </groups>
    <test started-at="2022-07-20T12:01:08Z" name="Default test" finished-at="2022-07-20T12:01:08Z" duration-ms="45">
      <class name="nyss001.TestNg001Test">
        <test-method signature="setCiCd()[pri:0, instance:nyss001.TestNg001Test@39ac0c0a]" started-at="2022-07-20T17:31:08Z" name="setCiCd" finished-at="2022-07-20T17:31:08Z" duration-ms="15" status="PASS">
          <reporter-output>
          </reporter-output>
        </test-method> <!-- setCiCd -->
      </class> <!-- nyss001.TestNg001Test -->
    </test> <!-- Default test -->
  </suite> <!-- Default suite -->
</testng-results>
